<?xml version="1.0" encoding="UTF-8"?>
<testsuite name="org.example.SILab2Test" tests="1" skipped="0" failures="0" errors="0" timestamp="2023-05-31T21:28:49" hostname="LOXE-PC" time="0.019">
  <properties/>
  <testcase name="function()" classname="org.example.SILab2Test" time="0.019"/>
  <system-out><![CDATA[Every branch test
Every branch test finished
Multiple conditions test
Multiple conditions test finished
]]></system-out>
  <system-err><![CDATA[]]></system-err>
</testsuite>
